<?xml version="1.0" encoding="UTF-8"?>
<testsuite name="cr.una.FuentesTest" tests="1" skipped="0" failures="0" errors="0" timestamp="2020-03-19T04:19:25" hostname="DESKTOP-72CT2DB" time="0.001">
  <properties/>
  <testcase name="testCaptureScore" classname="cr.una.FuentesTest" time="0.001"/>
  <system-out><![CDATA[]]></system-out>
  <system-err><![CDATA[]]></system-err>
</testsuite>
